[07/May/2017 14:37:39]"GET /admin/ HTTP/1.1" 302 0
[07/May/2017 14:37:39]"GET /admin/login/?next=/admin/ HTTP/1.1" 200 1915
[07/May/2017 14:37:39]"GET /static/admin/css/login.css HTTP/1.1" 200 940
[07/May/2017 14:37:39]"GET /static/admin/css/base.css HTTP/1.1" 200 14049
[07/May/2017 14:37:39]"GET /static/admin/img/nav-bg.gif HTTP/1.1" 200 265
[07/May/2017 14:37:39]"GET /favicon.ico HTTP/1.1" 404 3280
[07/May/2017 14:37:40]"GET /static/admin/img/nav-bg-reverse.gif HTTP/1.1" 200 178
[07/May/2017 14:37:41]"POST /admin/login/?next=/admin/ HTTP/1.1" 200 2077
[07/May/2017 14:37:41]"GET /static/admin/img/icon_error.gif HTTP/1.1" 200 319
[07/May/2017 14:37:44]"POST /admin/login/?next=/admin/ HTTP/1.1" 302 0
[07/May/2017 14:37:44]"GET /admin/ HTTP/1.1" 200 8815
[07/May/2017 14:37:44]"GET /static/admin/css/dashboard.css HTTP/1.1" 200 434
[07/May/2017 14:37:44]"GET /static/admin/img/icon_addlink.gif HTTP/1.1" 200 119
[07/May/2017 14:37:44]"GET /static/admin/img/icon_changelink.gif HTTP/1.1" 200 119
[07/May/2017 14:37:44]"GET /static/admin/img/default-bg.gif HTTP/1.1" 200 836
[07/May/2017 14:37:44]"GET /static/admin/img/icon_deletelink.gif HTTP/1.1" 200 181
Performing system checks...

System check identified no issues (0 silenced).

You have unapplied migrations; your app may not work properly until they are applied.
Run 'python manage.py migrate' to apply them.
May 07, 2017 - 14:36:43
Django version 1.8, using settings 'Backendapi.settings'
Starting development server at http://127.0.0.1:7777/
Quit the server with CONTROL-C.
[07/May/2017 14:42:30]"GET /admin/ HTTP/1.1" 302 0
[07/May/2017 14:42:30]"GET /admin/login/?next=/admin/ HTTP/1.1" 200 1915
[07/May/2017 14:42:31]"POST /admin/login/?next=/admin/ HTTP/1.1" 302 0
[07/May/2017 14:42:32]"GET /admin/ HTTP/1.1" 200 8815
Performing system checks...

System check identified no issues (0 silenced).

You have unapplied migrations; your app may not work properly until they are applied.
Run 'python manage.py migrate' to apply them.
May 07, 2017 - 14:42:16
Django version 1.8, using settings 'Backendapi.settings'
Starting development server at http://127.0.0.1:7777/
Quit the server with CONTROL-C.
[07/May/2017 14:43:31]"GET /admin/accounts/phoneuser/ HTTP/1.1" 302 0
[07/May/2017 14:43:31]"GET /admin/login/?next=/admin/accounts/phoneuser/ HTTP/1.1" 200 1953
[07/May/2017 14:44:12]"POST /admin/login/?next=/admin/accounts/phoneuser/ HTTP/1.1" 302 0
[07/May/2017 14:44:12]"GET /admin/accounts/phoneuser/ HTTP/1.1" 200 4406
[07/May/2017 14:44:12]"GET /static/admin/css/changelists.css HTTP/1.1" 200 5254
[07/May/2017 14:44:12]"GET /static/admin/js/jquery.init.js HTTP/1.1" 200 326
[07/May/2017 14:44:12]"GET /admin/jsi18n/ HTTP/1.1" 200 2372
[07/May/2017 14:44:12]"GET /static/admin/js/actions.js HTTP/1.1" 200 4910
[07/May/2017 14:44:12]"GET /static/admin/js/core.js HTTP/1.1" 200 7522
[07/May/2017 14:44:12]"GET /static/admin/js/admin/RelatedObjectLookups.js HTTP/1.1" 200 4464
[07/May/2017 14:44:12]"GET /static/admin/js/jquery.js HTTP/1.1" 200 284184
[07/May/2017 14:44:12]"GET /static/admin/img/tooltag-add.png HTTP/1.1" 200 119
[07/May/2017 14:44:13]"GET /admin/accounts/phoneuser/15071499956/ HTTP/1.1" 200 6706
[07/May/2017 14:44:13]"GET /admin/jsi18n/ HTTP/1.1" 200 2372
[07/May/2017 14:44:13]"GET /static/admin/css/forms.css HTTP/1.1" 200 6266
[07/May/2017 14:44:13]"GET /static/admin/js/related-widget-wrapper.js HTTP/1.1" 200 857
[07/May/2017 14:44:13]"GET /static/admin/css/widgets.css HTTP/1.1" 200 10430
[07/May/2017 14:44:17]"GET /admin/accounts/phoneuser/ HTTP/1.1" 200 4406
[07/May/2017 14:44:17]"GET /admin/jsi18n/ HTTP/1.1" 200 2372
[07/May/2017 14:44:20]"POST /admin/accounts/phoneuser/ HTTP/1.1" 200 2729
[07/May/2017 14:44:21]"POST /admin/accounts/phoneuser/ HTTP/1.1" 302 0
[07/May/2017 14:44:21]"GET /admin/accounts/phoneuser/ HTTP/1.1" 200 3320
[07/May/2017 14:44:21]"GET /admin/jsi18n/ HTTP/1.1" 200 2372
[07/May/2017 14:44:21]"GET /static/admin/img/icon_success.gif HTTP/1.1" 200 341
[07/May/2017 14:44:21]"GET /admin/accounts/ HTTP/1.1" 200 2900
[07/May/2017 14:44:22]"GET /admin/ HTTP/1.1" 200 8770
[07/May/2017 14:46:17]"GET /admin HTTP/1.1" 301 0
[07/May/2017 14:46:17]"GET /admin/ HTTP/1.1" 302 0
[07/May/2017 14:46:17]"GET /admin/login/?next=/admin/ HTTP/1.1" 200 1915
[07/May/2017 14:46:19]"POST /admin/login/?next=/admin/ HTTP/1.1" 302 0
[07/May/2017 14:46:19]"GET /admin/ HTTP/1.1" 200 8770
[07/May/2017 14:46:29]"GET /admin/logout/ HTTP/1.1" 200 1586
[07/May/2017 14:46:34]"GET /admin/ HTTP/1.1" 302 0
[07/May/2017 14:46:34]"GET /admin/login/?next=/admin/ HTTP/1.1" 200 1915
[07/May/2017 14:46:36]"POST /admin/login/?next=/admin/ HTTP/1.1" 302 0
[07/May/2017 14:46:36]"GET /admin/ HTTP/1.1" 200 8770
[07/May/2017 14:46:37]"GET /admin/accounts/phoneuser/ HTTP/1.1" 200 4406
[07/May/2017 14:46:37]"GET /admin/jsi18n/ HTTP/1.1" 200 2372
[07/May/2017 14:46:38]"GET /admin/accounts/phoneuser/15071499956/ HTTP/1.1" 200 6694
[07/May/2017 14:46:38]"GET /admin/jsi18n/ HTTP/1.1" 200 2372
[07/May/2017 14:46:41]"GET /static/admin/img/default-bg-reverse.gif HTTP/1.1" 200 835
[07/May/2017 14:46:41]"POST /admin/accounts/phoneuser/15071499956/ HTTP/1.1" 302 0
[07/May/2017 14:46:41]"GET /admin/accounts/phoneuser/ HTTP/1.1" 200 4567
[07/May/2017 14:46:41]"GET /admin/jsi18n/ HTTP/1.1" 200 2372
Performing system checks...

System check identified no issues (0 silenced).

You have unapplied migrations; your app may not work properly until they are applied.
Run 'python manage.py migrate' to apply them.
May 07, 2017 - 14:43:11
Django version 1.8, using settings 'Backendapi.settings'
Starting development server at http://127.0.0.1:7777/
Quit the server with CONTROL-C.
